<?xml version="1.0" encoding="UTF-8"?>
<!-- Generated by org.testng.reporters.JUnitReportReporter -->
<testsuite hostname="DESKTOP-GRCB15Q" failures="0" tests="4" name="calculater_mobile_assertion.calculaterClass" time="17.263" errors="0" timestamp="2023-10-17T01:41:56 EET" skipped="0">
  <testcase classname="calculater_mobile_assertion.calculaterClass" name="testMultiplication" time="3.920"/>
  <system-out/>
  <testcase classname="calculater_mobile_assertion.calculaterClass" name="testDivision" time="3.281"/>
  <system-out/>
  <testcase classname="calculater_mobile_assertion.calculaterClass" name="testSubtraction" time="4.021"/>
  <system-out/>
  <testcase classname="calculater_mobile_assertion.calculaterClass" name="testAddition" time="6.041"/>
  <system-out/>
</testsuite> <!-- calculater_mobile_assertion.calculaterClass -->
